<?xml version="1.0" encoding="UTF-8"?>
<testng-results skipped="0" failed="0" total="1" passed="1">
  <reporter-output>
  </reporter-output>
  <suite name="Default suite" duration-ms="1965" started-at="2016-12-09T13:20:10Z" finished-at="2016-12-09T13:20:12Z">
    <groups>
    </groups>
    <test name="Default test" duration-ms="1965" started-at="2016-12-09T13:20:10Z" finished-at="2016-12-09T13:20:12Z">
      <class name="com.googlerestapi.com.rest.PostRequestTest">
        <test-method status="PASS" signature="setBaseUri()[pri:0, instance:com.googlerestapi.com.rest.PostRequestTest@4678c730]" name="setBaseUri" is-config="true" duration-ms="307" started-at="2016-12-09T18:50:10Z" finished-at="2016-12-09T18:50:10Z">
          <reporter-output>
          </reporter-output>
        </test-method> <!-- setBaseUri -->
        <test-method status="PASS" signature="sendPostObject()[pri:0, instance:com.googlerestapi.com.rest.PostRequestTest@4678c730]" name="sendPostObject" duration-ms="1646" started-at="2016-12-09T18:50:10Z" finished-at="2016-12-09T18:50:12Z">
          <reporter-output>
          </reporter-output>
        </test-method> <!-- sendPostObject -->
      </class> <!-- com.googlerestapi.com.rest.PostRequestTest -->
    </test> <!-- Default test -->
  </suite> <!-- Default suite -->
</testng-results>
